{"code":"ECONNREFUSED","level":"error","message":"Redis connection error","stack":"AggregateError: \n    at internalConnectMultiple (node:net:1134:18)\n    at afterConnectMultiple (node:net:1715:7)","timestamp":"2026-02-11 00:52:18"}
{"code":"ECONNREFUSED","level":"error","message":"Redis connection error","stack":"AggregateError: \n    at internalConnectMultiple (node:net:1134:18)\n    at afterConnectMultiple (node:net:1715:7)","timestamp":"2026-02-11 00:55:03"}
{"code":"ECONNREFUSED","level":"error","message":"Redis connection error","stack":"AggregateError: \n    at internalConnectMultiple (node:net:1134:18)\n    at afterConnectMultiple (node:net:1715:7)","timestamp":"2026-02-11 00:55:03"}
{"code":"ECONNREFUSED","level":"error","message":"Redis connection error","stack":"AggregateError: \n    at internalConnectMultiple (node:net:1134:18)\n    at afterConnectMultiple (node:net:1715:7)","timestamp":"2026-02-11 00:55:03"}
{"code":"ECONNREFUSED","level":"error","message":"Redis connection error","stack":"AggregateError: \n    at internalConnectMultiple (node:net:1134:18)\n    at afterConnectMultiple (node:net:1715:7)","timestamp":"2026-02-11 00:55:04"}
{"code":"ECONNREFUSED","level":"error","message":"Redis connection error","stack":"AggregateError: \n    at internalConnectMultiple (node:net:1134:18)\n    at afterConnectMultiple (node:net:1715:7)","timestamp":"2026-02-11 00:55:04"}
{"code":"ECONNREFUSED","level":"error","message":"Redis connection error","stack":"AggregateError: \n    at internalConnectMultiple (node:net:1134:18)\n    at afterConnectMultiple (node:net:1715:7)","timestamp":"2026-02-11 00:55:04"}
{"code":"ECONNREFUSED","level":"error","message":"Redis connection error","stack":"AggregateError: \n    at internalConnectMultiple (node:net:1134:18)\n    at afterConnectMultiple (node:net:1715:7)","timestamp":"2026-02-11 00:55:04"}
{"code":"ECONNREFUSED","level":"error","message":"Redis connection error","stack":"AggregateError: \n    at internalConnectMultiple (node:net:1134:18)\n    at afterConnectMultiple (node:net:1715:7)","timestamp":"2026-02-11 00:55:05"}
{"code":"ECONNREFUSED","level":"error","message":"Redis connection error","stack":"AggregateError: \n    at internalConnectMultiple (node:net:1134:18)\n    at afterConnectMultiple (node:net:1715:7)","timestamp":"2026-02-11 00:55:05"}
{"code":"ECONNREFUSED","level":"error","message":"Redis connection error","stack":"AggregateError: \n    at internalConnectMultiple (node:net:1134:18)\n    at afterConnectMultiple (node:net:1715:7)","timestamp":"2026-02-11 00:55:06"}
{"code":"ECONNREFUSED","level":"error","message":"Redis connection error","stack":"AggregateError: \n    at internalConnectMultiple (node:net:1134:18)\n    at afterConnectMultiple (node:net:1715:7)","timestamp":"2026-02-11 00:55:06"}
{"code":"ECONNREFUSED","level":"error","message":"Redis connection error","stack":"AggregateError: \n    at internalConnectMultiple (node:net:1134:18)\n    at afterConnectMultiple (node:net:1715:7)","timestamp":"2026-02-11 00:55:07"}
{"code":"ECONNREFUSED","level":"error","message":"Redis connection error","stack":"AggregateError: \n    at internalConnectMultiple (node:net:1134:18)\n    at afterConnectMultiple (node:net:1715:7)","timestamp":"2026-02-11 00:55:07"}
{"code":"ECONNREFUSED","level":"error","message":"Redis connection error","stack":"AggregateError: \n    at internalConnectMultiple (node:net:1134:18)\n    at afterConnectMultiple (node:net:1715:7)","timestamp":"2026-02-11 00:55:08"}
{"code":"ECONNREFUSED","level":"error","message":"Redis connection error","stack":"AggregateError: \n    at internalConnectMultiple (node:net:1134:18)\n    at afterConnectMultiple (node:net:1715:7)","timestamp":"2026-02-11 00:55:09"}
{"code":"ECONNREFUSED","level":"error","message":"Redis connection error","stack":"AggregateError: \n    at internalConnectMultiple (node:net:1134:18)\n    at afterConnectMultiple (node:net:1715:7)","timestamp":"2026-02-11 00:55:10"}
{"code":"ECONNREFUSED","level":"error","message":"Redis connection error","stack":"AggregateError: \n    at internalConnectMultiple (node:net:1134:18)\n    at afterConnectMultiple (node:net:1715:7)","timestamp":"2026-02-11 00:55:10"}
{"code":"ECONNREFUSED","level":"error","message":"Redis connection error","stack":"AggregateError: \n    at internalConnectMultiple (node:net:1134:18)\n    at afterConnectMultiple (node:net:1715:7)","timestamp":"2026-02-11 00:55:11"}
{"code":"ECONNREFUSED","level":"error","message":"Redis connection error","stack":"AggregateError: \n    at internalConnectMultiple (node:net:1134:18)\n    at afterConnectMultiple (node:net:1715:7)","timestamp":"2026-02-11 00:55:12"}
{"code":"ECONNREFUSED","level":"error","message":"Redis connection error","stack":"AggregateError: \n    at internalConnectMultiple (node:net:1134:18)\n    at afterConnectMultiple (node:net:1715:7)","timestamp":"2026-02-11 00:55:13"}
{"code":"ECONNREFUSED","level":"error","message":"Redis connection error","stack":"AggregateError: \n    at internalConnectMultiple (node:net:1134:18)\n    at afterConnectMultiple (node:net:1715:7)","timestamp":"2026-02-11 00:55:14"}
{"code":"ECONNREFUSED","level":"error","message":"Redis connection error","stack":"AggregateError: \n    at internalConnectMultiple (node:net:1134:18)\n    at afterConnectMultiple (node:net:1715:7)","timestamp":"2026-02-11 00:55:15"}
{"code":"ECONNREFUSED","level":"error","message":"Redis connection error","stack":"AggregateError: \n    at internalConnectMultiple (node:net:1134:18)\n    at afterConnectMultiple (node:net:1715:7)","timestamp":"2026-02-11 00:55:17"}
{"code":"ECONNREFUSED","level":"error","message":"Redis connection error","stack":"AggregateError: \n    at internalConnectMultiple (node:net:1134:18)\n    at afterConnectMultiple (node:net:1715:7)","timestamp":"2026-02-11 00:55:18"}
{"code":"ECONNREFUSED","level":"error","message":"Redis connection error","stack":"AggregateError: \n    at internalConnectMultiple (node:net:1134:18)\n    at afterConnectMultiple (node:net:1715:7)","timestamp":"2026-02-11 00:55:47"}
{"code":"ECONNREFUSED","level":"error","message":"Redis connection error","stack":"AggregateError: \n    at internalConnectMultiple (node:net:1134:18)\n    at afterConnectMultiple (node:net:1715:7)","timestamp":"2026-02-11 00:55:47"}
{"code":"ECONNREFUSED","level":"error","message":"Redis connection error","stack":"AggregateError: \n    at internalConnectMultiple (node:net:1134:18)\n    at afterConnectMultiple (node:net:1715:7)","timestamp":"2026-02-11 00:55:47"}
{"code":"ECONNREFUSED","level":"error","message":"Redis connection error","stack":"AggregateError: \n    at internalConnectMultiple (node:net:1134:18)\n    at afterConnectMultiple (node:net:1715:7)","timestamp":"2026-02-11 00:55:48"}
{"code":"ECONNREFUSED","level":"error","message":"Redis connection error","stack":"AggregateError: \n    at internalConnectMultiple (node:net:1134:18)\n    at afterConnectMultiple (node:net:1715:7)","timestamp":"2026-02-11 00:55:48"}
{"code":"ECONNREFUSED","level":"error","message":"Redis connection error","stack":"AggregateError: \n    at internalConnectMultiple (node:net:1134:18)\n    at afterConnectMultiple (node:net:1715:7)","timestamp":"2026-02-11 00:55:48"}
{"code":"ECONNREFUSED","level":"error","message":"Redis connection error","stack":"AggregateError: \n    at internalConnectMultiple (node:net:1134:18)\n    at afterConnectMultiple (node:net:1715:7)","timestamp":"2026-02-11 00:55:49"}
{"code":"ECONNREFUSED","level":"error","message":"Redis connection error","stack":"AggregateError: \n    at internalConnectMultiple (node:net:1134:18)\n    at afterConnectMultiple (node:net:1715:7)","timestamp":"2026-02-11 00:55:49"}
{"code":"ECONNREFUSED","level":"error","message":"Redis connection error","stack":"AggregateError: \n    at internalConnectMultiple (node:net:1134:18)\n    at afterConnectMultiple (node:net:1715:7)","timestamp":"2026-02-11 00:55:49"}
{"code":"ECONNREFUSED","level":"error","message":"Redis connection error","stack":"AggregateError: \n    at internalConnectMultiple (node:net:1134:18)\n    at afterConnectMultiple (node:net:1715:7)","timestamp":"2026-02-11 00:55:50"}
{"code":"ECONNREFUSED","level":"error","message":"Redis connection error","stack":"AggregateError: \n    at internalConnectMultiple (node:net:1134:18)\n    at afterConnectMultiple (node:net:1715:7)","timestamp":"2026-02-11 00:55:50"}
{"code":"ECONNREFUSED","level":"error","message":"Redis connection error","stack":"AggregateError: \n    at internalConnectMultiple (node:net:1134:18)\n    at afterConnectMultiple (node:net:1715:7)","timestamp":"2026-02-11 00:55:51"}
{"code":"ECONNREFUSED","level":"error","message":"Redis connection error","stack":"AggregateError: \n    at internalConnectMultiple (node:net:1134:18)\n    at afterConnectMultiple (node:net:1715:7)","timestamp":"2026-02-11 00:55:52"}
{"code":"ECONNREFUSED","level":"error","message":"Redis connection error","stack":"AggregateError: \n    at internalConnectMultiple (node:net:1134:18)\n    at afterConnectMultiple (node:net:1715:7)","timestamp":"2026-02-11 00:55:52"}
{"code":"ECONNREFUSED","level":"error","message":"Redis connection error","stack":"AggregateError: \n    at internalConnectMultiple (node:net:1134:18)\n    at afterConnectMultiple (node:net:1715:7)","timestamp":"2026-02-11 00:55:53"}
{"code":"ECONNREFUSED","level":"error","message":"Redis connection error","stack":"AggregateError: \n    at internalConnectMultiple (node:net:1134:18)\n    at afterConnectMultiple (node:net:1715:7)","timestamp":"2026-02-11 00:55:54"}
{"code":"ECONNREFUSED","level":"error","message":"Redis connection error","stack":"AggregateError: \n    at internalConnectMultiple (node:net:1134:18)\n    at afterConnectMultiple (node:net:1715:7)","timestamp":"2026-02-11 00:55:55"}
{"code":"ECONNREFUSED","level":"error","message":"Redis connection error","stack":"AggregateError: \n    at internalConnectMultiple (node:net:1134:18)\n    at afterConnectMultiple (node:net:1715:7)","timestamp":"2026-02-11 00:55:56"}
{"code":"ECONNREFUSED","level":"error","message":"Redis connection error","stack":"AggregateError: \n    at internalConnectMultiple (node:net:1134:18)\n    at afterConnectMultiple (node:net:1715:7)","timestamp":"2026-02-11 00:55:56"}
{"code":"ECONNREFUSED","level":"error","message":"Redis connection error","stack":"AggregateError: \n    at internalConnectMultiple (node:net:1134:18)\n    at afterConnectMultiple (node:net:1715:7)","timestamp":"2026-02-11 00:55:57"}
{"code":"ECONNREFUSED","level":"error","message":"Redis connection error","stack":"AggregateError: \n    at internalConnectMultiple (node:net:1134:18)\n    at afterConnectMultiple (node:net:1715:7)","timestamp":"2026-02-11 00:55:58"}
{"code":"ECONNREFUSED","level":"error","message":"Redis connection error","stack":"AggregateError: \n    at internalConnectMultiple (node:net:1134:18)\n    at afterConnectMultiple (node:net:1715:7)","timestamp":"2026-02-11 00:56:00"}
{"code":"ECONNREFUSED","level":"error","message":"Redis connection error","stack":"AggregateError: \n    at internalConnectMultiple (node:net:1134:18)\n    at afterConnectMultiple (node:net:1715:7)","timestamp":"2026-02-11 00:56:01"}
{"code":"ECONNREFUSED","level":"error","message":"Redis connection error","stack":"AggregateError: \n    at internalConnectMultiple (node:net:1134:18)\n    at afterConnectMultiple (node:net:1715:7)","timestamp":"2026-02-11 00:56:02"}
{"level":"error","message":"[GET] /health >> Unhandled Error:: unexpected reply from redis client","stack":"TypeError: unexpected reply from redis client\n    at RedisStore.loadIncrementScript (C:\\Users\\sama\\OneDrive\\Desktop\\Ganges\\backend\\node_modules\\rate-limit-redis\\dist\\index.cjs:108:13)\n    at processTicksAndRejections (node:internal/process/task_queues:103:5)\n    at evalCommand (C:\\Users\\sama\\OneDrive\\Desktop\\Ganges\\backend\\node_modules\\rate-limit-redis\\dist\\index.cjs:136:9)","timestamp":"2026-02-11 00:56:22"}
{"level":"error","message":"[GET] /health >> Unhandled Error:: unexpected reply from redis client","stack":"TypeError: unexpected reply from redis client\n    at RedisStore.loadIncrementScript (C:\\Users\\sama\\OneDrive\\Desktop\\Ganges\\backend\\node_modules\\rate-limit-redis\\dist\\index.cjs:108:13)\n    at processTicksAndRejections (node:internal/process/task_queues:103:5)\n    at evalCommand (C:\\Users\\sama\\OneDrive\\Desktop\\Ganges\\backend\\node_modules\\rate-limit-redis\\dist\\index.cjs:136:9)","timestamp":"2026-02-11 00:56:22"}
{"level":"error","message":"[GET] /api/v1/user/profile >> Unhandled Error:: unexpected reply from redis client","stack":"TypeError: unexpected reply from redis client\n    at RedisStore.loadIncrementScript (C:\\Users\\sama\\OneDrive\\Desktop\\Ganges\\backend\\node_modules\\rate-limit-redis\\dist\\index.cjs:108:13)\n    at processTicksAndRejections (node:internal/process/task_queues:103:5)\n    at evalCommand (C:\\Users\\sama\\OneDrive\\Desktop\\Ganges\\backend\\node_modules\\rate-limit-redis\\dist\\index.cjs:136:9)","timestamp":"2026-02-11 00:56:22"}
{"level":"error","message":"[GET] /health >> Unhandled Error:: unexpected reply from redis client","stack":"TypeError: unexpected reply from redis client\n    at RedisStore.loadIncrementScript (C:\\Users\\sama\\OneDrive\\Desktop\\Ganges\\backend\\node_modules\\rate-limit-redis\\dist\\index.cjs:108:13)\n    at processTicksAndRejections (node:internal/process/task_queues:103:5)\n    at evalCommand (C:\\Users\\sama\\OneDrive\\Desktop\\Ganges\\backend\\node_modules\\rate-limit-redis\\dist\\index.cjs:136:9)","timestamp":"2026-02-11 00:56:58"}
{"level":"error","message":"[GET] /health >> Unhandled Error:: unexpected reply from redis client","stack":"TypeError: unexpected reply from redis client\n    at RedisStore.loadIncrementScript (C:\\Users\\sama\\OneDrive\\Desktop\\Ganges\\backend\\node_modules\\rate-limit-redis\\dist\\index.cjs:108:13)\n    at processTicksAndRejections (node:internal/process/task_queues:103:5)\n    at evalCommand (C:\\Users\\sama\\OneDrive\\Desktop\\Ganges\\backend\\node_modules\\rate-limit-redis\\dist\\index.cjs:136:9)","timestamp":"2026-02-11 00:56:58"}
{"level":"error","message":"[GET] /api/v1/user/profile >> Unhandled Error:: unexpected reply from redis client","stack":"TypeError: unexpected reply from redis client\n    at RedisStore.loadIncrementScript (C:\\Users\\sama\\OneDrive\\Desktop\\Ganges\\backend\\node_modules\\rate-limit-redis\\dist\\index.cjs:108:13)\n    at processTicksAndRejections (node:internal/process/task_queues:103:5)\n    at evalCommand (C:\\Users\\sama\\OneDrive\\Desktop\\Ganges\\backend\\node_modules\\rate-limit-redis\\dist\\index.cjs:136:9)","timestamp":"2026-02-11 00:56:58"}
{"level":"error","message":"[GET] /health >> Unhandled Error:: unexpected reply from redis client","stack":"TypeError: unexpected reply from redis client\n    at RedisStore.loadIncrementScript (C:\\Users\\sama\\OneDrive\\Desktop\\Ganges\\backend\\node_modules\\rate-limit-redis\\dist\\index.cjs:108:13)\n    at processTicksAndRejections (node:internal/process/task_queues:103:5)\n    at evalCommand (C:\\Users\\sama\\OneDrive\\Desktop\\Ganges\\backend\\node_modules\\rate-limit-redis\\dist\\index.cjs:136:9)","timestamp":"2026-02-11 00:57:50"}
{"level":"error","message":"[GET] /health >> Unhandled Error:: unexpected reply from redis client","stack":"TypeError: unexpected reply from redis client\n    at RedisStore.loadIncrementScript (C:\\Users\\sama\\OneDrive\\Desktop\\Ganges\\backend\\node_modules\\rate-limit-redis\\dist\\index.cjs:108:13)\n    at processTicksAndRejections (node:internal/process/task_queues:103:5)\n    at evalCommand (C:\\Users\\sama\\OneDrive\\Desktop\\Ganges\\backend\\node_modules\\rate-limit-redis\\dist\\index.cjs:136:9)","timestamp":"2026-02-11 00:57:50"}
{"level":"error","message":"[GET] /api/v1/user/profile >> Unhandled Error:: unexpected reply from redis client","stack":"TypeError: unexpected reply from redis client\n    at RedisStore.loadIncrementScript (C:\\Users\\sama\\OneDrive\\Desktop\\Ganges\\backend\\node_modules\\rate-limit-redis\\dist\\index.cjs:108:13)\n    at processTicksAndRejections (node:internal/process/task_queues:103:5)\n    at evalCommand (C:\\Users\\sama\\OneDrive\\Desktop\\Ganges\\backend\\node_modules\\rate-limit-redis\\dist\\index.cjs:136:9)","timestamp":"2026-02-11 00:57:50"}
{"level":"error","message":"[GET] /health >> Unhandled Error:: unexpected reply from redis client","stack":"TypeError: unexpected reply from redis client\n    at RedisStore.loadIncrementScript (C:\\Users\\sama\\OneDrive\\Desktop\\Ganges\\backend\\node_modules\\rate-limit-redis\\dist\\index.cjs:108:13)\n    at processTicksAndRejections (node:internal/process/task_queues:103:5)\n    at evalCommand (C:\\Users\\sama\\OneDrive\\Desktop\\Ganges\\backend\\node_modules\\rate-limit-redis\\dist\\index.cjs:136:9)","timestamp":"2026-02-11 00:58:21"}
{"level":"error","message":"[GET] /health >> Unhandled Error:: unexpected reply from redis client","stack":"TypeError: unexpected reply from redis client\n    at RedisStore.loadIncrementScript (C:\\Users\\sama\\OneDrive\\Desktop\\Ganges\\backend\\node_modules\\rate-limit-redis\\dist\\index.cjs:108:13)\n    at processTicksAndRejections (node:internal/process/task_queues:103:5)\n    at evalCommand (C:\\Users\\sama\\OneDrive\\Desktop\\Ganges\\backend\\node_modules\\rate-limit-redis\\dist\\index.cjs:136:9)","timestamp":"2026-02-11 00:58:21"}
{"level":"error","message":"[GET] /api/v1/user/profile >> Unhandled Error:: unexpected reply from redis client","stack":"TypeError: unexpected reply from redis client\n    at RedisStore.loadIncrementScript (C:\\Users\\sama\\OneDrive\\Desktop\\Ganges\\backend\\node_modules\\rate-limit-redis\\dist\\index.cjs:108:13)\n    at processTicksAndRejections (node:internal/process/task_queues:103:5)\n    at evalCommand (C:\\Users\\sama\\OneDrive\\Desktop\\Ganges\\backend\\node_modules\\rate-limit-redis\\dist\\index.cjs:136:9)","timestamp":"2026-02-11 00:58:21"}
{"level":"error","message":"[GET] /health >> Unhandled Error:: unexpected reply from redis client","stack":"TypeError: unexpected reply from redis client\n    at RedisStore.loadIncrementScript (C:\\Users\\sama\\OneDrive\\Desktop\\Ganges\\backend\\node_modules\\rate-limit-redis\\dist\\index.cjs:108:13)\n    at processTicksAndRejections (node:internal/process/task_queues:103:5)\n    at evalCommand (C:\\Users\\sama\\OneDrive\\Desktop\\Ganges\\backend\\node_modules\\rate-limit-redis\\dist\\index.cjs:136:9)","timestamp":"2026-02-11 00:59:18"}
{"level":"error","message":"[GET] /health >> Unhandled Error:: unexpected reply from redis client","stack":"TypeError: unexpected reply from redis client\n    at RedisStore.loadIncrementScript (C:\\Users\\sama\\OneDrive\\Desktop\\Ganges\\backend\\node_modules\\rate-limit-redis\\dist\\index.cjs:108:13)\n    at processTicksAndRejections (node:internal/process/task_queues:103:5)\n    at evalCommand (C:\\Users\\sama\\OneDrive\\Desktop\\Ganges\\backend\\node_modules\\rate-limit-redis\\dist\\index.cjs:136:9)","timestamp":"2026-02-11 00:59:18"}
{"level":"error","message":"[GET] /api/v1/user/profile >> Unhandled Error:: unexpected reply from redis client","stack":"TypeError: unexpected reply from redis client\n    at RedisStore.loadIncrementScript (C:\\Users\\sama\\OneDrive\\Desktop\\Ganges\\backend\\node_modules\\rate-limit-redis\\dist\\index.cjs:108:13)\n    at processTicksAndRejections (node:internal/process/task_queues:103:5)\n    at evalCommand (C:\\Users\\sama\\OneDrive\\Desktop\\Ganges\\backend\\node_modules\\rate-limit-redis\\dist\\index.cjs:136:9)","timestamp":"2026-02-11 00:59:18"}
{"level":"error","message":"[GET] /health >> StatusCode:: 500, Message:: unexpected reply from redis client","stack":"TypeError: unexpected reply from redis client\n    at RedisStore.loadIncrementScript (C:\\Users\\sama\\OneDrive\\Desktop\\Ganges\\backend\\node_modules\\rate-limit-redis\\dist\\index.cjs:108:13)\n    at processTicksAndRejections (node:internal/process/task_queues:103:5)\n    at evalCommand (C:\\Users\\sama\\OneDrive\\Desktop\\Ganges\\backend\\node_modules\\rate-limit-redis\\dist\\index.cjs:136:9)","timestamp":"2026-02-11 01:00:03"}
{"level":"error","message":"[GET] /health >> StatusCode:: 500, Message:: unexpected reply from redis client","stack":"TypeError: unexpected reply from redis client\n    at RedisStore.loadIncrementScript (C:\\Users\\sama\\OneDrive\\Desktop\\Ganges\\backend\\node_modules\\rate-limit-redis\\dist\\index.cjs:108:13)\n    at processTicksAndRejections (node:internal/process/task_queues:103:5)\n    at evalCommand (C:\\Users\\sama\\OneDrive\\Desktop\\Ganges\\backend\\node_modules\\rate-limit-redis\\dist\\index.cjs:136:9)","timestamp":"2026-02-11 01:00:03"}
{"level":"error","message":"[GET] /api/v1/user/profile >> StatusCode:: 500, Message:: unexpected reply from redis client","stack":"TypeError: unexpected reply from redis client\n    at RedisStore.loadIncrementScript (C:\\Users\\sama\\OneDrive\\Desktop\\Ganges\\backend\\node_modules\\rate-limit-redis\\dist\\index.cjs:108:13)\n    at processTicksAndRejections (node:internal/process/task_queues:103:5)\n    at evalCommand (C:\\Users\\sama\\OneDrive\\Desktop\\Ganges\\backend\\node_modules\\rate-limit-redis\\dist\\index.cjs:136:9)","timestamp":"2026-02-11 01:00:03"}
{"level":"error","message":"[GET] /health >> StatusCode:: 500, Message:: unexpected reply from redis client","stack":"TypeError: unexpected reply from redis client\n    at RedisStore.loadIncrementScript (C:\\Users\\sama\\OneDrive\\Desktop\\Ganges\\backend\\node_modules\\rate-limit-redis\\dist\\index.cjs:108:13)\n    at processTicksAndRejections (node:internal/process/task_queues:103:5)\n    at evalCommand (C:\\Users\\sama\\OneDrive\\Desktop\\Ganges\\backend\\node_modules\\rate-limit-redis\\dist\\index.cjs:136:9)","timestamp":"2026-02-11 01:00:14"}
{"level":"error","message":"[GET] /health >> StatusCode:: 500, Message:: unexpected reply from redis client","stack":"TypeError: unexpected reply from redis client\n    at RedisStore.loadIncrementScript (C:\\Users\\sama\\OneDrive\\Desktop\\Ganges\\backend\\node_modules\\rate-limit-redis\\dist\\index.cjs:108:13)\n    at processTicksAndRejections (node:internal/process/task_queues:103:5)\n    at evalCommand (C:\\Users\\sama\\OneDrive\\Desktop\\Ganges\\backend\\node_modules\\rate-limit-redis\\dist\\index.cjs:136:9)","timestamp":"2026-02-11 01:00:14"}
{"level":"error","message":"[GET] /api/v1/user/profile >> StatusCode:: 500, Message:: unexpected reply from redis client","stack":"TypeError: unexpected reply from redis client\n    at RedisStore.loadIncrementScript (C:\\Users\\sama\\OneDrive\\Desktop\\Ganges\\backend\\node_modules\\rate-limit-redis\\dist\\index.cjs:108:13)\n    at processTicksAndRejections (node:internal/process/task_queues:103:5)\n    at evalCommand (C:\\Users\\sama\\OneDrive\\Desktop\\Ganges\\backend\\node_modules\\rate-limit-redis\\dist\\index.cjs:136:9)","timestamp":"2026-02-11 01:00:14"}
{"level":"error","message":"[GET] /health >> StatusCode:: 500, Message:: unexpected reply from redis client","stack":"TypeError: unexpected reply from redis client\n    at RedisStore.loadIncrementScript (C:\\Users\\sama\\OneDrive\\Desktop\\Ganges\\backend\\node_modules\\rate-limit-redis\\dist\\index.cjs:108:13)\n    at processTicksAndRejections (node:internal/process/task_queues:103:5)\n    at evalCommand (C:\\Users\\sama\\OneDrive\\Desktop\\Ganges\\backend\\node_modules\\rate-limit-redis\\dist\\index.cjs:136:9)","timestamp":"2026-02-11 01:01:35"}
{"level":"error","message":"[GET] /health >> StatusCode:: 500, Message:: unexpected reply from redis client","stack":"TypeError: unexpected reply from redis client\n    at RedisStore.loadIncrementScript (C:\\Users\\sama\\OneDrive\\Desktop\\Ganges\\backend\\node_modules\\rate-limit-redis\\dist\\index.cjs:108:13)\n    at processTicksAndRejections (node:internal/process/task_queues:103:5)\n    at evalCommand (C:\\Users\\sama\\OneDrive\\Desktop\\Ganges\\backend\\node_modules\\rate-limit-redis\\dist\\index.cjs:136:9)","timestamp":"2026-02-11 01:01:35"}
{"level":"error","message":"[GET] /api/v1/user/profile >> StatusCode:: 500, Message:: unexpected reply from redis client","stack":"TypeError: unexpected reply from redis client\n    at RedisStore.loadIncrementScript (C:\\Users\\sama\\OneDrive\\Desktop\\Ganges\\backend\\node_modules\\rate-limit-redis\\dist\\index.cjs:108:13)\n    at processTicksAndRejections (node:internal/process/task_queues:103:5)\n    at evalCommand (C:\\Users\\sama\\OneDrive\\Desktop\\Ganges\\backend\\node_modules\\rate-limit-redis\\dist\\index.cjs:136:9)","timestamp":"2026-02-11 01:01:35"}
2026-02-11 01:04:11 [[31merror[39m] : Redis connection error{"code":"ECONNREFUSED","stack":"AggregateError\n    at internalConnectMultiple (node:net:1134:18)\n    at afterConnectMultiple (node:net:1715:7)"}
2026-02-11 01:04:12 [[31merror[39m] : Redis connection error{"code":"ECONNREFUSED","stack":"AggregateError\n    at internalConnectMultiple (node:net:1134:18)\n    at afterConnectMultiple (node:net:1715:7)"}
2026-02-11 01:04:12 [[31merror[39m] : Redis connection error{"code":"ECONNREFUSED","stack":"AggregateError\n    at internalConnectMultiple (node:net:1134:18)\n    at afterConnectMultiple (node:net:1715:7)"}
2026-02-11 01:04:12 [[31merror[39m] : Redis connection error{"code":"ECONNREFUSED","stack":"AggregateError\n    at internalConnectMultiple (node:net:1134:18)\n    at afterConnectMultiple (node:net:1715:7)"}
2026-02-11 01:04:12 [[31merror[39m] : Redis connection error{"code":"ECONNREFUSED","stack":"AggregateError\n    at internalConnectMultiple (node:net:1134:18)\n    at afterConnectMultiple (node:net:1715:7)"}
2026-02-11 01:04:12 [[31merror[39m] : Redis connection error{"code":"ECONNREFUSED","stack":"AggregateError\n    at internalConnectMultiple (node:net:1134:18)\n    at afterConnectMultiple (node:net:1715:7)"}
2026-02-11 01:04:13 [[31merror[39m] : Redis connection error{"code":"ECONNREFUSED","stack":"AggregateError\n    at internalConnectMultiple (node:net:1134:18)\n    at afterConnectMultiple (node:net:1715:7)"}
2026-02-11 01:04:13 [[31merror[39m] : Redis connection error{"code":"ECONNREFUSED","stack":"AggregateError\n    at internalConnectMultiple (node:net:1134:18)\n    at afterConnectMultiple (node:net:1715:7)"}
2026-02-11 01:04:13 [[31merror[39m] : Redis connection error{"code":"ECONNREFUSED","stack":"AggregateError\n    at internalConnectMultiple (node:net:1134:18)\n    at afterConnectMultiple (node:net:1715:7)"}
2026-02-11 01:04:14 [[31merror[39m] : Redis connection error{"code":"ECONNREFUSED","stack":"AggregateError\n    at internalConnectMultiple (node:net:1134:18)\n    at afterConnectMultiple (node:net:1715:7)"}
2026-02-11 01:04:14 [[31merror[39m] : Redis connection error{"code":"ECONNREFUSED","stack":"AggregateError\n    at internalConnectMultiple (node:net:1134:18)\n    at afterConnectMultiple (node:net:1715:7)"}
2026-02-11 01:04:15 [[31merror[39m] : Redis connection error{"code":"ECONNREFUSED","stack":"AggregateError\n    at internalConnectMultiple (node:net:1134:18)\n    at afterConnectMultiple (node:net:1715:7)"}
2026-02-11 01:04:16 [[31merror[39m] : Redis connection error{"code":"ECONNREFUSED","stack":"AggregateError\n    at internalConnectMultiple (node:net:1134:18)\n    at afterConnectMultiple (node:net:1715:7)"}
2026-02-11 01:04:16 [[31merror[39m] : Redis connection error{"code":"ECONNREFUSED","stack":"AggregateError\n    at internalConnectMultiple (node:net:1134:18)\n    at afterConnectMultiple (node:net:1715:7)"}
2026-02-11 01:04:17 [[31merror[39m] : Redis connection error{"code":"ECONNREFUSED","stack":"AggregateError\n    at internalConnectMultiple (node:net:1134:18)\n    at afterConnectMultiple (node:net:1715:7)"}
2026-02-11 01:04:18 [[31merror[39m] : Redis connection error{"code":"ECONNREFUSED","stack":"AggregateError\n    at internalConnectMultiple (node:net:1134:18)\n    at afterConnectMultiple (node:net:1715:7)"}
2026-02-11 01:04:18 [[31merror[39m] : Redis connection error{"code":"ECONNREFUSED","stack":"AggregateError\n    at internalConnectMultiple (node:net:1134:18)\n    at afterConnectMultiple (node:net:1715:7)"}
2026-02-11 01:04:19 [[31merror[39m] : Redis connection error{"code":"ECONNREFUSED","stack":"AggregateError\n    at internalConnectMultiple (node:net:1134:18)\n    at afterConnectMultiple (node:net:1715:7)"}
2026-02-11 01:04:20 [[31merror[39m] : Redis connection error{"code":"ECONNREFUSED","stack":"AggregateError\n    at internalConnectMultiple (node:net:1134:18)\n    at afterConnectMultiple (node:net:1715:7)"}
2026-02-11 01:04:21 [[31merror[39m] : Redis connection error{"code":"ECONNREFUSED","stack":"AggregateError\n    at internalConnectMultiple (node:net:1134:18)\n    at afterConnectMultiple (node:net:1715:7)"}
2026-02-11 01:04:22 [[31merror[39m] : Redis connection error{"code":"ECONNREFUSED","stack":"AggregateError\n    at internalConnectMultiple (node:net:1134:18)\n    at afterConnectMultiple (node:net:1715:7)"}
2026-02-11 01:04:23 [[31merror[39m] : Redis connection error{"code":"ECONNREFUSED","stack":"AggregateError\n    at internalConnectMultiple (node:net:1134:18)\n    at afterConnectMultiple (node:net:1715:7)"}
2026-02-11 01:04:24 [[31merror[39m] : Redis connection error{"code":"ECONNREFUSED","stack":"AggregateError\n    at internalConnectMultiple (node:net:1134:18)\n    at afterConnectMultiple (node:net:1715:7)"}
2026-02-11 01:04:26 [[31merror[39m] : Redis connection error{"code":"ECONNREFUSED","stack":"AggregateError\n    at internalConnectMultiple (node:net:1134:18)\n    at afterConnectMultiple (node:net:1715:7)"}
2026-02-11 01:04:27 [[31merror[39m] : Redis connection error{"code":"ECONNREFUSED","stack":"AggregateError\n    at internalConnectMultiple (node:net:1134:18)\n    at afterConnectMultiple (node:net:1715:7)"}
2026-02-11 01:04:28 [[31merror[39m] : Redis connection error{"code":"ECONNREFUSED","stack":"AggregateError\n    at internalConnectMultiple (node:net:1134:18)\n    at afterConnectMultiple (node:net:1715:7)"}
2026-02-11 01:04:29 [[31merror[39m] : Redis connection error{"code":"ECONNREFUSED","stack":"AggregateError\n    at internalConnectMultiple (node:net:1134:18)\n    at afterConnectMultiple (node:net:1715:7)"}
2026-02-11 01:04:31 [[31merror[39m] : Redis connection error{"code":"ECONNREFUSED","stack":"AggregateError\n    at internalConnectMultiple (node:net:1134:18)\n    at afterConnectMultiple (node:net:1715:7)"}
2026-02-11 01:04:32 [[31merror[39m] : Redis connection error{"code":"ECONNREFUSED","stack":"AggregateError\n    at internalConnectMultiple (node:net:1134:18)\n    at afterConnectMultiple (node:net:1715:7)"}
2026-02-11 01:04:34 [[31merror[39m] : Redis connection error{"code":"ECONNREFUSED","stack":"AggregateError\n    at internalConnectMultiple (node:net:1134:18)\n    at afterConnectMultiple (node:net:1715:7)"}
2026-02-11 01:04:35 [[31merror[39m] : Redis connection error{"code":"ECONNREFUSED","stack":"AggregateError\n    at internalConnectMultiple (node:net:1134:18)\n    at afterConnectMultiple (node:net:1715:7)"}
2026-02-11 01:04:37 [[31merror[39m] : Redis connection error{"code":"ECONNREFUSED","stack":"AggregateError\n    at internalConnectMultiple (node:net:1134:18)\n    at afterConnectMultiple (node:net:1715:7)"}
2026-02-11 01:04:38 [[31merror[39m] : Redis connection error{"code":"ECONNREFUSED","stack":"AggregateError\n    at internalConnectMultiple (node:net:1134:18)\n    at afterConnectMultiple (node:net:1715:7)"}
2026-02-11 01:04:40 [[31merror[39m] : Redis connection error{"code":"ECONNREFUSED","stack":"AggregateError\n    at internalConnectMultiple (node:net:1134:18)\n    at afterConnectMultiple (node:net:1715:7)"}
2026-02-11 01:04:42 [[31merror[39m] : Redis connection error{"code":"ECONNREFUSED","stack":"AggregateError\n    at internalConnectMultiple (node:net:1134:18)\n    at afterConnectMultiple (node:net:1715:7)"}
2026-02-11 01:04:43 [[31merror[39m] : Redis connection error{"code":"ECONNREFUSED","stack":"AggregateError\n    at internalConnectMultiple (node:net:1134:18)\n    at afterConnectMultiple (node:net:1715:7)"}
2026-02-11 01:04:45 [[31merror[39m] : Redis connection error{"code":"ECONNREFUSED","stack":"AggregateError\n    at internalConnectMultiple (node:net:1134:18)\n    at afterConnectMultiple (node:net:1715:7)"}
2026-02-11 01:04:47 [[31merror[39m] : Redis connection error{"code":"ECONNREFUSED","stack":"AggregateError\n    at internalConnectMultiple (node:net:1134:18)\n    at afterConnectMultiple (node:net:1715:7)"}
2026-02-11 01:04:49 [[31merror[39m] : Redis connection error{"code":"ECONNREFUSED","stack":"AggregateError\n    at internalConnectMultiple (node:net:1134:18)\n    at afterConnectMultiple (node:net:1715:7)"}
2026-02-11 01:04:51 [[31merror[39m] : Redis connection error{"code":"ECONNREFUSED","stack":"AggregateError\n    at internalConnectMultiple (node:net:1134:18)\n    at afterConnectMultiple (node:net:1715:7)"}
2026-02-11 01:04:53 [[31merror[39m] : Redis connection error{"code":"ECONNREFUSED","stack":"AggregateError\n    at internalConnectMultiple (node:net:1134:18)\n    at afterConnectMultiple (node:net:1715:7)"}
2026-02-11 01:04:55 [[31merror[39m] : Redis connection error{"code":"ECONNREFUSED","stack":"AggregateError\n    at internalConnectMultiple (node:net:1134:18)\n    at afterConnectMultiple (node:net:1715:7)"}
2026-02-11 01:04:57 [[31merror[39m] : Redis connection error{"code":"ECONNREFUSED","stack":"AggregateError\n    at internalConnectMultiple (node:net:1134:18)\n    at afterConnectMultiple (node:net:1715:7)"}
2026-02-11 01:04:59 [[31merror[39m] : Redis connection error{"code":"ECONNREFUSED","stack":"AggregateError\n    at internalConnectMultiple (node:net:1134:18)\n    at afterConnectMultiple (node:net:1715:7)"}
2026-02-11 01:05:01 [[31merror[39m] : Redis connection error{"code":"ECONNREFUSED","stack":"AggregateError\n    at internalConnectMultiple (node:net:1134:18)\n    at afterConnectMultiple (node:net:1715:7)"}
2026-02-11 01:05:03 [[31merror[39m] : Redis connection error{"code":"ECONNREFUSED","stack":"AggregateError\n    at internalConnectMultiple (node:net:1134:18)\n    at afterConnectMultiple (node:net:1715:7)"}
2026-02-11 01:05:05 [[31merror[39m] : Redis connection error{"code":"ECONNREFUSED","stack":"AggregateError\n    at internalConnectMultiple (node:net:1134:18)\n    at afterConnectMultiple (node:net:1715:7)"}
2026-02-11 01:05:07 [[31merror[39m] : Redis connection error{"code":"ECONNREFUSED","stack":"AggregateError\n    at internalConnectMultiple (node:net:1134:18)\n    at afterConnectMultiple (node:net:1715:7)"}
2026-02-11 01:05:09 [[31merror[39m] : Redis connection error{"code":"ECONNREFUSED","stack":"AggregateError\n    at internalConnectMultiple (node:net:1134:18)\n    at afterConnectMultiple (node:net:1715:7)"}
2026-02-11 01:05:11 [[31merror[39m] : Redis connection error{"code":"ECONNREFUSED","stack":"AggregateError\n    at internalConnectMultiple (node:net:1134:18)\n    at afterConnectMultiple (node:net:1715:7)"}
2026-02-11 01:05:13 [[31merror[39m] : Redis connection error{"code":"ECONNREFUSED","stack":"AggregateError\n    at internalConnectMultiple (node:net:1134:18)\n    at afterConnectMultiple (node:net:1715:7)"}
2026-02-11 01:05:15 [[31merror[39m] : Redis connection error{"code":"ECONNREFUSED","stack":"AggregateError\n    at internalConnectMultiple (node:net:1134:18)\n    at afterConnectMultiple (node:net:1715:7)"}
2026-02-11 01:05:17 [[31merror[39m] : Redis connection error{"code":"ECONNREFUSED","stack":"AggregateError\n    at internalConnectMultiple (node:net:1134:18)\n    at afterConnectMultiple (node:net:1715:7)"}
2026-02-11 01:05:19 [[31merror[39m] : Redis connection error{"code":"ECONNREFUSED","stack":"AggregateError\n    at internalConnectMultiple (node:net:1134:18)\n    at afterConnectMultiple (node:net:1715:7)"}
2026-02-11 01:05:21 [[31merror[39m] : Redis connection error{"code":"ECONNREFUSED","stack":"AggregateError\n    at internalConnectMultiple (node:net:1134:18)\n    at afterConnectMultiple (node:net:1715:7)"}
2026-02-11 01:05:23 [[31merror[39m] : Redis connection error{"code":"ECONNREFUSED","stack":"AggregateError\n    at internalConnectMultiple (node:net:1134:18)\n    at afterConnectMultiple (node:net:1715:7)"}
2026-02-11 01:05:25 [[31merror[39m] : Redis connection error{"code":"ECONNREFUSED","stack":"AggregateError\n    at internalConnectMultiple (node:net:1134:18)\n    at afterConnectMultiple (node:net:1715:7)"}
2026-02-11 01:05:27 [[31merror[39m] : Redis connection error{"code":"ECONNREFUSED","stack":"AggregateError\n    at internalConnectMultiple (node:net:1134:18)\n    at afterConnectMultiple (node:net:1715:7)"}
2026-02-11 01:05:29 [[31merror[39m] : Redis connection error{"code":"ECONNREFUSED","stack":"AggregateError\n    at internalConnectMultiple (node:net:1134:18)\n    at afterConnectMultiple (node:net:1715:7)"}
2026-02-11 01:05:31 [[31merror[39m] : Redis connection error{"code":"ECONNREFUSED","stack":"AggregateError\n    at internalConnectMultiple (node:net:1134:18)\n    at afterConnectMultiple (node:net:1715:7)"}
2026-02-11 01:05:33 [[31merror[39m] : Redis connection error{"code":"ECONNREFUSED","stack":"AggregateError\n    at internalConnectMultiple (node:net:1134:18)\n    at afterConnectMultiple (node:net:1715:7)"}
2026-02-11 01:05:35 [[31merror[39m] : Redis connection error{"code":"ECONNREFUSED","stack":"AggregateError\n    at internalConnectMultiple (node:net:1134:18)\n    at afterConnectMultiple (node:net:1715:7)"}
2026-02-11 01:05:37 [[31merror[39m] : Redis connection error{"code":"ECONNREFUSED","stack":"AggregateError\n    at internalConnectMultiple (node:net:1134:18)\n    at afterConnectMultiple (node:net:1715:7)"}
2026-02-11 01:05:39 [[31merror[39m] : Redis connection error{"code":"ECONNREFUSED","stack":"AggregateError\n    at internalConnectMultiple (node:net:1134:18)\n    at afterConnectMultiple (node:net:1715:7)"}
2026-02-11 01:05:41 [[31merror[39m] : Redis connection error{"code":"ECONNREFUSED","stack":"AggregateError\n    at internalConnectMultiple (node:net:1134:18)\n    at afterConnectMultiple (node:net:1715:7)"}
2026-02-11 01:05:43 [[31merror[39m] : Redis connection error{"code":"ECONNREFUSED","stack":"AggregateError\n    at internalConnectMultiple (node:net:1134:18)\n    at afterConnectMultiple (node:net:1715:7)"}
2026-02-11 01:05:46 [[31merror[39m] : Redis connection error{"code":"ECONNREFUSED","stack":"AggregateError\n    at internalConnectMultiple (node:net:1134:18)\n    at afterConnectMultiple (node:net:1715:7)"}
2026-02-11 01:05:48 [[31merror[39m] : Redis connection error{"code":"ECONNREFUSED","stack":"AggregateError\n    at internalConnectMultiple (node:net:1134:18)\n    at afterConnectMultiple (node:net:1715:7)"}
2026-02-11 01:05:50 [[31merror[39m] : Redis connection error{"code":"ECONNREFUSED","stack":"AggregateError\n    at internalConnectMultiple (node:net:1134:18)\n    at afterConnectMultiple (node:net:1715:7)"}
2026-02-11 01:05:52 [[31merror[39m] : Redis connection error{"code":"ECONNREFUSED","stack":"AggregateError\n    at internalConnectMultiple (node:net:1134:18)\n    at afterConnectMultiple (node:net:1715:7)"}
2026-02-11 01:05:54 [[31merror[39m] : Redis connection error{"code":"ECONNREFUSED","stack":"AggregateError\n    at internalConnectMultiple (node:net:1134:18)\n    at afterConnectMultiple (node:net:1715:7)"}
2026-02-11 01:05:56 [[31merror[39m] : Redis connection error{"code":"ECONNREFUSED","stack":"AggregateError\n    at internalConnectMultiple (node:net:1134:18)\n    at afterConnectMultiple (node:net:1715:7)"}
2026-02-11 01:05:58 [[31merror[39m] : Redis connection error{"code":"ECONNREFUSED","stack":"AggregateError\n    at internalConnectMultiple (node:net:1134:18)\n    at afterConnectMultiple (node:net:1715:7)"}
2026-02-11 01:06:00 [[31merror[39m] : Redis connection error{"code":"ECONNREFUSED","stack":"AggregateError\n    at internalConnectMultiple (node:net:1134:18)\n    at afterConnectMultiple (node:net:1715:7)"}
2026-02-11 01:06:02 [[31merror[39m] : Redis connection error{"code":"ECONNREFUSED","stack":"AggregateError\n    at internalConnectMultiple (node:net:1134:18)\n    at afterConnectMultiple (node:net:1715:7)"}
2026-02-11 01:06:04 [[31merror[39m] : Redis connection error{"code":"ECONNREFUSED","stack":"AggregateError\n    at internalConnectMultiple (node:net:1134:18)\n    at afterConnectMultiple (node:net:1715:7)"}
2026-02-11 01:06:06 [[31merror[39m] : Redis connection error{"code":"ECONNREFUSED","stack":"AggregateError\n    at internalConnectMultiple (node:net:1134:18)\n    at afterConnectMultiple (node:net:1715:7)"}
2026-02-11 01:06:08 [[31merror[39m] : Redis connection error{"code":"ECONNREFUSED","stack":"AggregateError\n    at internalConnectMultiple (node:net:1134:18)\n    at afterConnectMultiple (node:net:1715:7)"}
2026-02-11 01:06:10 [[31merror[39m] : Redis connection error{"code":"ECONNREFUSED","stack":"AggregateError\n    at internalConnectMultiple (node:net:1134:18)\n    at afterConnectMultiple (node:net:1715:7)"}
2026-02-11 01:06:12 [[31merror[39m] : Redis connection error{"code":"ECONNREFUSED","stack":"AggregateError\n    at internalConnectMultiple (node:net:1134:18)\n    at afterConnectMultiple (node:net:1715:7)"}
2026-02-11 01:06:14 [[31merror[39m] : Redis connection error{"code":"ECONNREFUSED","stack":"AggregateError\n    at internalConnectMultiple (node:net:1134:18)\n    at afterConnectMultiple (node:net:1715:7)"}
2026-02-11 01:06:16 [[31merror[39m] : Redis connection error{"code":"ECONNREFUSED","stack":"AggregateError\n    at internalConnectMultiple (node:net:1134:18)\n    at afterConnectMultiple (node:net:1715:7)"}
2026-02-11 01:06:18 [[31merror[39m] : Redis connection error{"code":"ECONNREFUSED","stack":"AggregateError\n    at internalConnectMultiple (node:net:1134:18)\n    at afterConnectMultiple (node:net:1715:7)"}
2026-02-11 01:06:20 [[31merror[39m] : Redis connection error{"code":"ECONNREFUSED","stack":"AggregateError\n    at internalConnectMultiple (node:net:1134:18)\n    at afterConnectMultiple (node:net:1715:7)"}
2026-02-11 01:06:22 [[31merror[39m] : Redis connection error{"code":"ECONNREFUSED","stack":"AggregateError\n    at internalConnectMultiple (node:net:1134:18)\n    at afterConnectMultiple (node:net:1715:7)"}
2026-02-11 01:06:24 [[31merror[39m] : Redis connection error{"code":"ECONNREFUSED","stack":"AggregateError\n    at internalConnectMultiple (node:net:1134:18)\n    at afterConnectMultiple (node:net:1715:7)"}
2026-02-11 01:06:26 [[31merror[39m] : Redis connection error{"code":"ECONNREFUSED","stack":"AggregateError\n    at internalConnectMultiple (node:net:1134:18)\n    at afterConnectMultiple (node:net:1715:7)"}
2026-02-11 01:06:28 [[31merror[39m] : Redis connection error{"code":"ECONNREFUSED","stack":"AggregateError\n    at internalConnectMultiple (node:net:1134:18)\n    at afterConnectMultiple (node:net:1715:7)"}
2026-02-11 01:06:30 [[31merror[39m] : Redis connection error{"code":"ECONNREFUSED","stack":"AggregateError\n    at internalConnectMultiple (node:net:1134:18)\n    at afterConnectMultiple (node:net:1715:7)"}
2026-02-11 01:06:32 [[31merror[39m] : Redis connection error{"code":"ECONNREFUSED","stack":"AggregateError\n    at internalConnectMultiple (node:net:1134:18)\n    at afterConnectMultiple (node:net:1715:7)"}
2026-02-11 01:06:34 [[31merror[39m] : Redis connection error{"code":"ECONNREFUSED","stack":"AggregateError\n    at internalConnectMultiple (node:net:1134:18)\n    at afterConnectMultiple (node:net:1715:7)"}
2026-02-11 01:06:36 [[31merror[39m] : Redis connection error{"code":"ECONNREFUSED","stack":"AggregateError\n    at internalConnectMultiple (node:net:1134:18)\n    at afterConnectMultiple (node:net:1715:7)"}
2026-02-11 20:34:21 [[31merror[39m] : Redis connection error{"code":"ECONNREFUSED","stack":"AggregateError\n    at internalConnectMultiple (node:net:1134:18)\n    at afterConnectMultiple (node:net:1715:7)"}
2026-02-11 20:34:21 [[31merror[39m] : Redis connection error{"code":"ECONNREFUSED","stack":"AggregateError\n    at internalConnectMultiple (node:net:1134:18)\n    at afterConnectMultiple (node:net:1715:7)"}
2026-02-11 20:34:22 [[31merror[39m] : Redis connection error{"code":"ECONNREFUSED","stack":"AggregateError\n    at internalConnectMultiple (node:net:1134:18)\n    at afterConnectMultiple (node:net:1715:7)"}
2026-02-11 20:34:22 [[31merror[39m] : Redis connection error{"code":"ECONNREFUSED","stack":"AggregateError\n    at internalConnectMultiple (node:net:1134:18)\n    at afterConnectMultiple (node:net:1715:7)"}
2026-02-11 20:34:22 [[31merror[39m] : Redis connection error{"code":"ECONNREFUSED","stack":"AggregateError\n    at internalConnectMultiple (node:net:1134:18)\n    at afterConnectMultiple (node:net:1715:7)"}
2026-02-11 20:34:22 [[31merror[39m] : Redis connection error{"code":"ECONNREFUSED","stack":"AggregateError\n    at internalConnectMultiple (node:net:1134:18)\n    at afterConnectMultiple (node:net:1715:7)"}
2026-02-11 20:34:23 [[31merror[39m] : Redis connection error{"code":"ECONNREFUSED","stack":"AggregateError\n    at internalConnectMultiple (node:net:1134:18)\n    at afterConnectMultiple (node:net:1715:7)"}
2026-02-11 20:34:23 [[31merror[39m] : Redis connection error{"code":"ECONNREFUSED","stack":"AggregateError\n    at internalConnectMultiple (node:net:1134:18)\n    at afterConnectMultiple (node:net:1715:7)"}
2026-02-11 20:34:23 [[31merror[39m] : Redis connection error{"code":"ECONNREFUSED","stack":"AggregateError\n    at internalConnectMultiple (node:net:1134:18)\n    at afterConnectMultiple (node:net:1715:7)"}
2026-02-11 20:34:24 [[31merror[39m] : Redis connection error{"code":"ECONNREFUSED","stack":"AggregateError\n    at internalConnectMultiple (node:net:1134:18)\n    at afterConnectMultiple (node:net:1715:7)"}
2026-02-11 20:34:24 [[31merror[39m] : Redis connection error{"code":"ECONNREFUSED","stack":"AggregateError\n    at internalConnectMultiple (node:net:1134:18)\n    at afterConnectMultiple (node:net:1715:7)"}
2026-02-11 20:34:25 [[31merror[39m] : Redis connection error{"code":"ECONNREFUSED","stack":"AggregateError\n    at internalConnectMultiple (node:net:1134:18)\n    at afterConnectMultiple (node:net:1715:7)"}
2026-02-11 20:34:26 [[31merror[39m] : Redis connection error{"code":"ECONNREFUSED","stack":"AggregateError\n    at internalConnectMultiple (node:net:1134:18)\n    at afterConnectMultiple (node:net:1715:7)"}
2026-02-11 20:34:26 [[31merror[39m] : Redis connection error{"code":"ECONNREFUSED","stack":"AggregateError\n    at internalConnectMultiple (node:net:1134:18)\n    at afterConnectMultiple (node:net:1715:7)"}
2026-02-11 20:34:27 [[31merror[39m] : Redis connection error{"code":"ECONNREFUSED","stack":"AggregateError\n    at internalConnectMultiple (node:net:1134:18)\n    at afterConnectMultiple (node:net:1715:7)"}
2026-02-11 20:34:28 [[31merror[39m] : Redis connection error{"code":"ECONNREFUSED","stack":"AggregateError\n    at internalConnectMultiple (node:net:1134:18)\n    at afterConnectMultiple (node:net:1715:7)"}
2026-02-11 20:34:29 [[31merror[39m] : Redis connection error{"code":"ECONNREFUSED","stack":"AggregateError\n    at internalConnectMultiple (node:net:1134:18)\n    at afterConnectMultiple (node:net:1715:7)"}
2026-02-11 20:34:29 [[31merror[39m] : Redis connection error{"code":"ECONNREFUSED","stack":"AggregateError\n    at internalConnectMultiple (node:net:1134:18)\n    at afterConnectMultiple (node:net:1715:7)"}
2026-02-11 20:34:30 [[31merror[39m] : Redis connection error{"code":"ECONNREFUSED","stack":"AggregateError\n    at internalConnectMultiple (node:net:1134:18)\n    at afterConnectMultiple (node:net:1715:7)"}
2026-02-11 20:34:31 [[31merror[39m] : Redis connection error{"code":"ECONNREFUSED","stack":"AggregateError\n    at internalConnectMultiple (node:net:1134:18)\n    at afterConnectMultiple (node:net:1715:7)"}
2026-02-11 20:34:32 [[31merror[39m] : Redis connection error{"code":"ECONNREFUSED","stack":"AggregateError\n    at internalConnectMultiple (node:net:1134:18)\n    at afterConnectMultiple (node:net:1715:7)"}
2026-02-11 20:34:33 [[31merror[39m] : Redis connection error{"code":"ECONNREFUSED","stack":"AggregateError\n    at internalConnectMultiple (node:net:1134:18)\n    at afterConnectMultiple (node:net:1715:7)"}
2026-02-11 20:34:34 [[31merror[39m] : Redis connection error{"code":"ECONNREFUSED","stack":"AggregateError\n    at internalConnectMultiple (node:net:1134:18)\n    at afterConnectMultiple (node:net:1715:7)"}
2026-02-11 20:34:36 [[31merror[39m] : Redis connection error{"code":"ECONNREFUSED","stack":"AggregateError\n    at internalConnectMultiple (node:net:1134:18)\n    at afterConnectMultiple (node:net:1715:7)"}
2026-02-11 20:34:37 [[31merror[39m] : Redis connection error{"code":"ECONNREFUSED","stack":"AggregateError\n    at internalConnectMultiple (node:net:1134:18)\n    at afterConnectMultiple (node:net:1715:7)"}
2026-02-11 20:34:38 [[31merror[39m] : Redis connection error{"code":"ECONNREFUSED","stack":"AggregateError\n    at internalConnectMultiple (node:net:1134:18)\n    at afterConnectMultiple (node:net:1715:7)"}
2026-02-11 20:34:39 [[31merror[39m] : Redis connection error{"code":"ECONNREFUSED","stack":"AggregateError\n    at internalConnectMultiple (node:net:1134:18)\n    at afterConnectMultiple (node:net:1715:7)"}
2026-02-11 20:34:41 [[31merror[39m] : Redis connection error{"code":"ECONNREFUSED","stack":"AggregateError\n    at internalConnectMultiple (node:net:1134:18)\n    at afterConnectMultiple (node:net:1715:7)"}
2026-02-11 20:34:42 [[31merror[39m] : Redis connection error{"code":"ECONNREFUSED","stack":"AggregateError\n    at internalConnectMultiple (node:net:1134:18)\n    at afterConnectMultiple (node:net:1715:7)"}
2026-02-11 20:34:44 [[31merror[39m] : Redis connection error{"code":"ECONNREFUSED","stack":"AggregateError\n    at internalConnectMultiple (node:net:1134:18)\n    at afterConnectMultiple (node:net:1715:7)"}
2026-02-11 20:34:45 [[31merror[39m] : Redis connection error{"code":"ECONNREFUSED","stack":"AggregateError\n    at internalConnectMultiple (node:net:1134:18)\n    at afterConnectMultiple (node:net:1715:7)"}
2026-02-11 20:34:47 [[31merror[39m] : Redis connection error{"code":"ECONNREFUSED","stack":"AggregateError\n    at internalConnectMultiple (node:net:1134:18)\n    at afterConnectMultiple (node:net:1715:7)"}
2026-02-11 20:34:48 [[31merror[39m] : Redis connection error{"code":"ECONNREFUSED","stack":"AggregateError\n    at internalConnectMultiple (node:net:1134:18)\n    at afterConnectMultiple (node:net:1715:7)"}
2026-02-11 20:34:50 [[31merror[39m] : Redis connection error{"code":"ECONNREFUSED","stack":"AggregateError\n    at internalConnectMultiple (node:net:1134:18)\n    at afterConnectMultiple (node:net:1715:7)"}
2026-02-11 20:34:52 [[31merror[39m] : Redis connection error{"code":"ECONNREFUSED","stack":"AggregateError\n    at internalConnectMultiple (node:net:1134:18)\n    at afterConnectMultiple (node:net:1715:7)"}
2026-02-11 20:34:54 [[31merror[39m] : Redis connection error{"code":"ECONNREFUSED","stack":"AggregateError\n    at internalConnectMultiple (node:net:1134:18)\n    at afterConnectMultiple (node:net:1715:7)"}
2026-02-11 20:34:55 [[31merror[39m] : Redis connection error{"code":"ECONNREFUSED","stack":"AggregateError\n    at internalConnectMultiple (node:net:1134:18)\n    at afterConnectMultiple (node:net:1715:7)"}
2026-02-11 20:34:57 [[31merror[39m] : Redis connection error{"code":"ECONNREFUSED","stack":"AggregateError\n    at internalConnectMultiple (node:net:1134:18)\n    at afterConnectMultiple (node:net:1715:7)"}
2026-02-11 20:34:59 [[31merror[39m] : Redis connection error{"code":"ECONNREFUSED","stack":"AggregateError\n    at internalConnectMultiple (node:net:1134:18)\n    at afterConnectMultiple (node:net:1715:7)"}
2026-02-11 20:35:01 [[31merror[39m] : Redis connection error{"code":"ECONNREFUSED","stack":"AggregateError\n    at internalConnectMultiple (node:net:1134:18)\n    at afterConnectMultiple (node:net:1715:7)"}
2026-02-11 20:35:03 [[31merror[39m] : Redis connection error{"code":"ECONNREFUSED","stack":"AggregateError\n    at internalConnectMultiple (node:net:1134:18)\n    at afterConnectMultiple (node:net:1715:7)"}
2026-02-11 20:35:05 [[31merror[39m] : Redis connection error{"code":"ECONNREFUSED","stack":"AggregateError\n    at internalConnectMultiple (node:net:1134:18)\n    at afterConnectMultiple (node:net:1715:7)"}
2026-02-11 20:35:07 [[31merror[39m] : Redis connection error{"code":"ECONNREFUSED","stack":"AggregateError\n    at internalConnectMultiple (node:net:1134:18)\n    at afterConnectMultiple (node:net:1715:7)"}
2026-02-11 20:35:09 [[31merror[39m] : Redis connection error{"code":"ECONNREFUSED","stack":"AggregateError\n    at internalConnectMultiple (node:net:1134:18)\n    at afterConnectMultiple (node:net:1715:7)"}
2026-02-11 20:35:11 [[31merror[39m] : Redis connection error{"code":"ECONNREFUSED","stack":"AggregateError\n    at internalConnectMultiple (node:net:1134:18)\n    at afterConnectMultiple (node:net:1715:7)"}
2026-02-11 20:35:13 [[31merror[39m] : Redis connection error{"code":"ECONNREFUSED","stack":"AggregateError\n    at internalConnectMultiple (node:net:1134:18)\n    at afterConnectMultiple (node:net:1715:7)"}
2026-02-11 20:35:15 [[31merror[39m] : Redis connection error{"code":"ECONNREFUSED","stack":"AggregateError\n    at internalConnectMultiple (node:net:1134:18)\n    at afterConnectMultiple (node:net:1715:7)"}
2026-02-11 20:35:17 [[31merror[39m] : Redis connection error{"code":"ECONNREFUSED","stack":"AggregateError\n    at internalConnectMultiple (node:net:1134:18)\n    at afterConnectMultiple (node:net:1715:7)"}
2026-02-11 20:35:19 [[31merror[39m] : Redis connection error{"code":"ECONNREFUSED","stack":"AggregateError\n    at internalConnectMultiple (node:net:1134:18)\n    at afterConnectMultiple (node:net:1715:7)"}
2026-02-11 20:35:21 [[31merror[39m] : Redis connection error{"code":"ECONNREFUSED","stack":"AggregateError\n    at internalConnectMultiple (node:net:1134:18)\n    at afterConnectMultiple (node:net:1715:7)"}
2026-02-11 20:35:23 [[31merror[39m] : Redis connection error{"code":"ECONNREFUSED","stack":"AggregateError\n    at internalConnectMultiple (node:net:1134:18)\n    at afterConnectMultiple (node:net:1715:7)"}
2026-02-11 20:35:25 [[31merror[39m] : Redis connection error{"code":"ECONNREFUSED","stack":"AggregateError\n    at internalConnectMultiple (node:net:1134:18)\n    at afterConnectMultiple (node:net:1715:7)"}
2026-02-11 20:35:27 [[31merror[39m] : Redis connection error{"code":"ECONNREFUSED","stack":"AggregateError\n    at internalConnectMultiple (node:net:1134:18)\n    at afterConnectMultiple (node:net:1715:7)"}
2026-02-11 20:35:29 [[31merror[39m] : Redis connection error{"code":"ECONNREFUSED","stack":"AggregateError\n    at internalConnectMultiple (node:net:1134:18)\n    at afterConnectMultiple (node:net:1715:7)"}
2026-02-11 20:35:31 [[31merror[39m] : Redis connection error{"code":"ECONNREFUSED","stack":"AggregateError\n    at internalConnectMultiple (node:net:1134:18)\n    at afterConnectMultiple (node:net:1715:7)"}
2026-02-11 20:35:33 [[31merror[39m] : Redis connection error{"code":"ECONNREFUSED","stack":"AggregateError\n    at internalConnectMultiple (node:net:1134:18)\n    at afterConnectMultiple (node:net:1715:7)"}
2026-02-11 20:35:35 [[31merror[39m] : Redis connection error{"code":"ECONNREFUSED","stack":"AggregateError\n    at internalConnectMultiple (node:net:1134:18)\n    at afterConnectMultiple (node:net:1715:7)"}
2026-02-11 20:35:37 [[31merror[39m] : Redis connection error{"code":"ECONNREFUSED","stack":"AggregateError\n    at internalConnectMultiple (node:net:1134:18)\n    at afterConnectMultiple (node:net:1715:7)"}
2026-02-11 20:35:39 [[31merror[39m] : Redis connection error{"code":"ECONNREFUSED","stack":"AggregateError\n    at internalConnectMultiple (node:net:1134:18)\n    at afterConnectMultiple (node:net:1715:7)"}
2026-02-11 20:35:41 [[31merror[39m] : Redis connection error{"code":"ECONNREFUSED","stack":"AggregateError\n    at internalConnectMultiple (node:net:1134:18)\n    at afterConnectMultiple (node:net:1715:7)"}
2026-02-11 20:35:43 [[31merror[39m] : Redis connection error{"code":"ECONNREFUSED","stack":"AggregateError\n    at internalConnectMultiple (node:net:1134:18)\n    at afterConnectMultiple (node:net:1715:7)"}
2026-02-11 20:35:45 [[31merror[39m] : Redis connection error{"code":"ECONNREFUSED","stack":"AggregateError\n    at internalConnectMultiple (node:net:1134:18)\n    at afterConnectMultiple (node:net:1715:7)"}
2026-02-11 20:35:47 [[31merror[39m] : Redis connection error{"code":"ECONNREFUSED","stack":"AggregateError\n    at internalConnectMultiple (node:net:1134:18)\n    at afterConnectMultiple (node:net:1715:7)"}
2026-02-11 20:35:49 [[31merror[39m] : Redis connection error{"code":"ECONNREFUSED","stack":"AggregateError\n    at internalConnectMultiple (node:net:1134:18)\n    at afterConnectMultiple (node:net:1715:7)"}
2026-02-11 20:35:51 [[31merror[39m] : Redis connection error{"code":"ECONNREFUSED","stack":"AggregateError\n    at internalConnectMultiple (node:net:1134:18)\n    at afterConnectMultiple (node:net:1715:7)"}
2026-02-11 20:35:53 [[31merror[39m] : Redis connection error{"code":"ECONNREFUSED","stack":"AggregateError\n    at internalConnectMultiple (node:net:1134:18)\n    at afterConnectMultiple (node:net:1715:7)"}
2026-02-11 20:35:55 [[31merror[39m] : Redis connection error{"code":"ECONNREFUSED","stack":"AggregateError\n    at internalConnectMultiple (node:net:1134:18)\n    at afterConnectMultiple (node:net:1715:7)"}
2026-02-11 20:35:57 [[31merror[39m] : Redis connection error{"code":"ECONNREFUSED","stack":"AggregateError\n    at internalConnectMultiple (node:net:1134:18)\n    at afterConnectMultiple (node:net:1715:7)"}
2026-02-11 20:36:00 [[31merror[39m] : Redis connection error{"code":"ECONNREFUSED","stack":"AggregateError\n    at internalConnectMultiple (node:net:1134:18)\n    at afterConnectMultiple (node:net:1715:7)"}
2026-02-11 20:36:02 [[31merror[39m] : Redis connection error{"code":"ECONNREFUSED","stack":"AggregateError\n    at internalConnectMultiple (node:net:1134:18)\n    at afterConnectMultiple (node:net:1715:7)"}
2026-02-11 20:36:04 [[31merror[39m] : Redis connection error{"code":"ECONNREFUSED","stack":"AggregateError\n    at internalConnectMultiple (node:net:1134:18)\n    at afterConnectMultiple (node:net:1715:7)"}
2026-02-11 20:36:06 [[31merror[39m] : Redis connection error{"code":"ECONNREFUSED","stack":"AggregateError\n    at internalConnectMultiple (node:net:1134:18)\n    at afterConnectMultiple (node:net:1715:7)"}
2026-02-11 20:36:08 [[31merror[39m] : Redis connection error{"code":"ECONNREFUSED","stack":"AggregateError\n    at internalConnectMultiple (node:net:1134:18)\n    at afterConnectMultiple (node:net:1715:7)"}
2026-02-11 20:36:10 [[31merror[39m] : Redis connection error{"code":"ECONNREFUSED","stack":"AggregateError\n    at internalConnectMultiple (node:net:1134:18)\n    at afterConnectMultiple (node:net:1715:7)"}
2026-02-11 20:36:12 [[31merror[39m] : Redis connection error{"code":"ECONNREFUSED","stack":"AggregateError\n    at internalConnectMultiple (node:net:1134:18)\n    at afterConnectMultiple (node:net:1715:7)"}
2026-02-11 20:36:14 [[31merror[39m] : Redis connection error{"code":"ECONNREFUSED","stack":"AggregateError\n    at internalConnectMultiple (node:net:1134:18)\n    at afterConnectMultiple (node:net:1715:7)"}
